mode: set
xamss.onelab.final/internal/registration/handler/handler.go:9.48,13.2 1 1
xamss.onelab.final/internal/registration/handler/middleware.go:13.52,14.32 1 1
xamss.onelab.final/internal/registration/handler/middleware.go:14.32,16.30 2 0
xamss.onelab.final/internal/registration/handler/middleware.go:16.30,23.4 3 0
xamss.onelab.final/internal/registration/handler/middleware.go:25.3,26.22 2 0
xamss.onelab.final/internal/registration/handler/middleware.go:26.22,33.4 3 0
xamss.onelab.final/internal/registration/handler/middleware.go:35.3,36.17 2 0
xamss.onelab.final/internal/registration/handler/middleware.go:36.17,42.4 2 0
xamss.onelab.final/internal/registration/handler/middleware.go:44.3,45.13 2 0
xamss.onelab.final/internal/registration/handler/patient.go:24.48,28.16 3 1
xamss.onelab.final/internal/registration/handler/patient.go:28.16,35.3 3 0
xamss.onelab.final/internal/registration/handler/patient.go:37.2,46.16 3 1
xamss.onelab.final/internal/registration/handler/patient.go:46.16,52.3 2 1
xamss.onelab.final/internal/registration/handler/patient.go:54.2,54.32 1 1
xamss.onelab.final/internal/registration/handler/patient.go:70.47,74.16 3 0
xamss.onelab.final/internal/registration/handler/patient.go:74.16,81.3 3 0
xamss.onelab.final/internal/registration/handler/patient.go:83.2,84.16 2 0
xamss.onelab.final/internal/registration/handler/patient.go:84.16,90.3 2 0
xamss.onelab.final/internal/registration/handler/patient.go:92.2,96.4 1 0
xamss.onelab.final/internal/registration/handler/patient.go:113.55,116.9 2 0
xamss.onelab.final/internal/registration/handler/patient.go:116.9,123.3 3 0
xamss.onelab.final/internal/registration/handler/patient.go:125.2,128.16 3 0
xamss.onelab.final/internal/registration/handler/patient.go:128.16,135.3 3 0
xamss.onelab.final/internal/registration/handler/patient.go:137.2,138.16 2 0
xamss.onelab.final/internal/registration/handler/patient.go:138.16,144.3 2 0
xamss.onelab.final/internal/registration/handler/patient.go:146.2,150.4 1 0
xamss.onelab.final/internal/registration/handler/router.go:9.44,24.2 9 1
